[+10s] Boot: SD=30.6/15931.5MB queued=0 heap=135400
[+21s] Modem: AT sync OK
[12/24 04:56:33] Time synced: 2080-01-06 00:00:21 UTC
[12/24 04:56:33] Modem: baud 3000000
[12/24 04:56:34] Modem: operator=T-Mobile Hologram
[12/24 04:56:34] Modem: RSSI=20
[12/24 04:56:35] Modem: PPP CONNECT
[12/24 04:56:35] Modem: PPPoS started
[12/24 04:56:35] PPP got IP: 10.228.73.61
[12/24 04:56:38] RSSI refresh: 20
[12/24 04:56:53] RSSI refresh: 20
[12/24 04:57:08] RSSI refresh: 19
[12/24 04:57:23] RSSI refresh: 19
[12/24 04:57:38] RSSI refresh: 19
[12/24 04:57:53] RSSI refresh: 19
[12/24 04:58:08] RSSI refresh: 19
[12/24 04:58:23] RSSI refresh: 19
[12/24 04:58:38] RSSI refresh: 19
[12/24 04:58:53] RSSI refresh: 20
[12/24 04:59:08] RSSI refresh: 20
[12/24 04:59:24] RSSI refresh: 20
[12/24 04:59:38] RSSI refresh: 21
[12/24 04:59:53] RSSI refresh: 21
[12/24 05:00:08] RSSI refresh: 21
[12/24 05:00:23] RSSI refresh: 20
[12/24 05:00:38] RSSI refresh: 20
[12/24 05:00:53] RSSI refresh: 20
[12/24 05:01:08] RSSI refresh: 21
